<?xml version="1.0" encoding="UTF-8"?>
<!-- Generated by org.testng.reporters.JUnitReportReporter -->
<testsuite hostname="PC-20180201HBWK" name="Se_2019.test_ng_02" tests="1" failures="0" timestamp="18 Mar 2019 16:27:52 GMT" time="4.779" errors="0">
  <testcase name="test_02" time="4.779" classname="Se_2019.test_ng_02"/>
</testsuite> <!-- Se_2019.test_ng_02 -->
